  [1m[35m (203.0ms)[0m  [1m[35mCREATE DATABASE "firstroutes_development" ENCODING = 'unicode'[0m
  [1m[35m (121.9ms)[0m  [1m[35mCREATE DATABASE "firstroutes_test" ENCODING = 'unicode'[0m
  [1m[35m (64.9ms)[0m  [1m[35mCREATE DATABASE "firstroutes_development" ENCODING = 'unicode'[0m
  [1m[35m (45.2ms)[0m  [1m[35mCREATE DATABASE "firstroutes_test" ENCODING = 'unicode'[0m
Started GET "/" for ::1 at 2022-12-14 14:51:57 -0500
Processing by Rails::WelcomeController#index as HTML
  Rendering /Users/stivenkang/.rbenv/versions/3.1.1/lib/ruby/gems/3.1.0/gems/railties-7.0.4/lib/rails/templates/rails/welcome/index.html.erb
  Rendered /Users/stivenkang/.rbenv/versions/3.1.1/lib/ruby/gems/3.1.0/gems/railties-7.0.4/lib/rails/templates/rails/welcome/index.html.erb (Duration: 1.2ms | Allocations: 527)
Completed 200 OK in 5ms (Views: 2.9ms | ActiveRecord: 0.0ms | Allocations: 2802)


Started GET "/" for ::1 at 2022-12-14 14:55:02 -0500
Processing by Rails::WelcomeController#index as HTML
  Rendering /Users/stivenkang/.rbenv/versions/3.1.1/lib/ruby/gems/3.1.0/gems/railties-7.0.4/lib/rails/templates/rails/welcome/index.html.erb
  Rendered /Users/stivenkang/.rbenv/versions/3.1.1/lib/ruby/gems/3.1.0/gems/railties-7.0.4/lib/rails/templates/rails/welcome/index.html.erb (Duration: 0.9ms | Allocations: 527)
Completed 200 OK in 5ms (Views: 2.5ms | ActiveRecord: 0.0ms | Allocations: 2802)


Started GET "/?/users" for ::1 at 2022-12-14 14:56:32 -0500
Processing by Rails::WelcomeController#index as */*
  Parameters: {"/users"=>nil}
  Rendering /Users/stivenkang/.rbenv/versions/3.1.1/lib/ruby/gems/3.1.0/gems/railties-7.0.4/lib/rails/templates/rails/welcome/index.html.erb
  Rendered /Users/stivenkang/.rbenv/versions/3.1.1/lib/ruby/gems/3.1.0/gems/railties-7.0.4/lib/rails/templates/rails/welcome/index.html.erb (Duration: 0.9ms | Allocations: 278)
Completed 200 OK in 4ms (Views: 2.0ms | ActiveRecord: 0.0ms | Allocations: 957)


Started GET "/?/users" for ::1 at 2022-12-14 15:00:40 -0500
Processing by Rails::WelcomeController#index as */*
  Parameters: {"/users"=>nil}
  Rendering /Users/stivenkang/.rbenv/versions/3.1.1/lib/ruby/gems/3.1.0/gems/railties-7.0.4/lib/rails/templates/rails/welcome/index.html.erb
  Rendered /Users/stivenkang/.rbenv/versions/3.1.1/lib/ruby/gems/3.1.0/gems/railties-7.0.4/lib/rails/templates/rails/welcome/index.html.erb (Duration: 0.0ms | Allocations: 23)
Completed 200 OK in 0ms (Views: 0.2ms | ActiveRecord: 0.0ms | Allocations: 280)


Started GET "/users" for ::1 at 2022-12-14 15:01:38 -0500
Processing by UsersController#index as HTML
Completed 500 Internal Server Error in 7ms (ActiveRecord: 0.0ms | Allocations: 3198)



NameError - undefined local variable or method `user' for #<UsersController:0x00000000004ec0>
        @users = user.all
                 ^^^^
Did you mean?  super:
  app/controllers/users_controller.rb:3:in `index'

Started POST "/__better_errors/efb83e443e57b561/variables" for ::1 at 2022-12-14 15:01:38 -0500
Started GET "/users" for ::1 at 2022-12-14 15:02:23 -0500
Processing by UsersController#index as HTML
Completed 406 Not Acceptable in 0ms (ActiveRecord: 0.0ms | Allocations: 830)



ActionController::MissingExactTemplate - UsersController#index is missing a template for request formats: text/html:

Started POST "/__better_errors/9304919d10037e99/variables" for ::1 at 2022-12-14 15:02:24 -0500
Started GET "/users" for ::1 at 2022-12-14 15:03:28 -0500
Processing by UsersController#index as HTML
  Rendering text template
  Rendered text template (Duration: 0.0ms | Allocations: 9)
Completed 200 OK in 2ms (Views: 1.8ms | ActiveRecord: 0.0ms | Allocations: 546)


Started GET "/?/users" for ::1 at 2022-12-14 15:04:23 -0500
Processing by Rails::WelcomeController#index as */*
  Parameters: {"/users"=>nil}
  Rendering /Users/stivenkang/.rbenv/versions/3.1.1/lib/ruby/gems/3.1.0/gems/railties-7.0.4/lib/rails/templates/rails/welcome/index.html.erb
  Rendered /Users/stivenkang/.rbenv/versions/3.1.1/lib/ruby/gems/3.1.0/gems/railties-7.0.4/lib/rails/templates/rails/welcome/index.html.erb (Duration: 0.1ms | Allocations: 22)
Completed 200 OK in 1ms (Views: 0.6ms | ActiveRecord: 0.0ms | Allocations: 246)


Started GET "/users?fav_food=pizza" for ::1 at 2022-12-14 15:08:28 -0500
Processing by UsersController#index as */*
  Parameters: {"fav_food"=>"pizza"}
  Rendering text template
  Rendered text template (Duration: 0.0ms | Allocations: 13)
Completed 200 OK in 8ms (Views: 7.4ms | ActiveRecord: 0.0ms | Allocations: 1394)


Started POST "/users" for ::1 at 2022-12-14 15:11:30 -0500

AbstractController::ActionNotFound - The action 'create' could not be found for UsersController:

Started POST "/users" for ::1 at 2022-12-14 15:12:20 -0500
Processing by UsersController#create as */*
  Parameters: {"fav_food"=>"pizza", "gross_food"=>"salad"}
Completed 200 OK in 1ms (Views: 0.9ms | ActiveRecord: 0.0ms | Allocations: 264)


Started POST "/users" for ::1 at 2022-12-14 15:38:46 -0500
Processing by UsersController#create as */*
  Parameters: {"events"=>"wedding", "wedding"=>"date ", "text/plain"=>["time "], "date"=>"12/15/22", "time"=>"7:00PM"}
Completed 200 OK in 3ms (Views: 1.7ms | Allocations: 153)


Started POST "/users" for ::1 at 2022-12-14 15:42:23 -0500
Processing by UsersController#create as */*
  Parameters: {"event"=>{"'name'"=>"Wedding", "'date'"=>"12/15/22", "'time'"=>"7:00PM"}}
Completed 200 OK in 1ms (Views: 0.3ms | Allocations: 133)


Started GET "/users" for ::1 at 2022-12-14 15:46:48 -0500
Processing by UsersController#index as */*
  Parameters: {"event"=>{"'name'"=>"Wedding", "'date'"=>"12/15/22", "'time'"=>"7:00PM"}}
  Rendering text template
  Rendered text template (Duration: 0.1ms | Allocations: 8)
Completed 200 OK in 7ms (Views: 7.0ms | Allocations: 380)


Started POST "/users" for ::1 at 2022-12-14 15:47:09 -0500
Processing by UsersController#create as */*
  Parameters: {"event"=>{"'name'"=>"Wedding", "'date'"=>"12/15/22", "'time'"=>"7:00PM"}}
Completed 200 OK in 0ms (Views: 0.3ms | Allocations: 166)


  [1m[35m (7.2ms)[0m  [1m[35mCREATE TABLE "schema_migrations" ("version" character varying NOT NULL PRIMARY KEY)[0m
  [1m[35m (2.5ms)[0m  [1m[35mCREATE TABLE "ar_internal_metadata" ("key" character varying NOT NULL PRIMARY KEY, "value" character varying, "created_at" timestamp(6) NOT NULL, "updated_at" timestamp(6) NOT NULL)[0m
  [1m[35m (0.0ms)[0m  [1m[34mSELECT pg_try_advisory_lock(8371906203672976965)[0m
  [1m[36mActiveRecord::SchemaMigration Pluck (0.4ms)[0m  [1m[34mSELECT "schema_migrations"."version" FROM "schema_migrations" ORDER BY "schema_migrations"."version" ASC[0m
Migrating to CreateUsers (20221214210411)
  [1m[36mTRANSACTION (0.1ms)[0m  [1m[35mBEGIN[0m
  [1m[35m (4.0ms)[0m  [1m[35mCREATE TABLE "users" ("id" bigserial primary key, "name" character varying NOT NULL, "email" character varying NOT NULL, "created_at" timestamp(6) NOT NULL, "updated_at" timestamp(6) NOT NULL)[0m
  [1m[36mActiveRecord::SchemaMigration Create (0.4ms)[0m  [1m[32mINSERT INTO "schema_migrations" ("version") VALUES ($1) RETURNING "version"[0m  [["version", "20221214210411"]]
  [1m[36mTRANSACTION (0.7ms)[0m  [1m[35mCOMMIT[0m
  [1m[36mActiveRecord::InternalMetadata Load (0.4ms)[0m  [1m[34mSELECT "ar_internal_metadata".* FROM "ar_internal_metadata" WHERE "ar_internal_metadata"."key" = $1 LIMIT $2[0m  [["key", "environment"], ["LIMIT", 1]]
  [1m[36mTRANSACTION (0.1ms)[0m  [1m[35mBEGIN[0m
  [1m[36mActiveRecord::InternalMetadata Create (0.5ms)[0m  [1m[32mINSERT INTO "ar_internal_metadata" ("key", "value", "created_at", "updated_at") VALUES ($1, $2, $3, $4) RETURNING "key"[0m  [["key", "environment"], ["value", "development"], ["created_at", "2022-12-14 21:05:56.986602"], ["updated_at", "2022-12-14 21:05:56.986602"]]
  [1m[36mTRANSACTION (0.2ms)[0m  [1m[35mCOMMIT[0m
  [1m[35m (0.2ms)[0m  [1m[34mSELECT pg_advisory_unlock(8371906203672976965)[0m
  [1m[36mActiveRecord::SchemaMigration Pluck (0.6ms)[0m  [1m[34mSELECT "schema_migrations"."version" FROM "schema_migrations" ORDER BY "schema_migrations"."version" ASC[0m
  [1m[36mTRANSACTION (0.5ms)[0m  [1m[35mBEGIN[0m
  [1m[36mUser Create (2.0ms)[0m  [1m[32mINSERT INTO "users" ("name", "email", "created_at", "updated_at") VALUES ($1, $2, $3, $4) RETURNING "id"[0m  [["name", "Tim"], ["email", "tchang@gmail.com"], ["created_at", "2022-12-14 21:10:55.993222"], ["updated_at", "2022-12-14 21:10:55.993222"]]
  [1m[36mTRANSACTION (0.3ms)[0m  [1m[35mCOMMIT[0m
  [1m[36mUser Load (0.8ms)[0m  [1m[34mSELECT "users".* FROM "users"[0m
  [1m[36mTRANSACTION (0.4ms)[0m  [1m[35mBEGIN[0m
  [1m[36mUser Create (0.7ms)[0m  [1m[32mINSERT INTO "users" ("name", "email", "created_at", "updated_at") VALUES ($1, $2, $3, $4) RETURNING "id"[0m  [["name", "Stiven"], ["email", "stiven@gmail.com"], ["created_at", "2022-12-14 21:11:46.439192"], ["updated_at", "2022-12-14 21:11:46.439192"]]
  [1m[36mTRANSACTION (1.0ms)[0m  [1m[35mCOMMIT[0m
  [1m[36mUser Load (0.9ms)[0m  [1m[34mSELECT "users".* FROM "users"[0m
  [1m[36mTRANSACTION (0.4ms)[0m  [1m[35mBEGIN[0m
  [1m[36mUser Create (0.7ms)[0m  [1m[32mINSERT INTO "users" ("name", "email", "created_at", "updated_at") VALUES ($1, $2, $3, $4) RETURNING "id"[0m  [["name", "Brandon"], ["email", "brandon@gmail.com"], ["created_at", "2022-12-14 21:12:23.331415"], ["updated_at", "2022-12-14 21:12:23.331415"]]
  [1m[36mTRANSACTION (1.2ms)[0m  [1m[35mCOMMIT[0m
  [1m[36mUser Load (0.8ms)[0m  [1m[34mSELECT "users".* FROM "users"[0m
Started GET "/user" for ::1 at 2022-12-14 16:14:39 -0500
  [1m[36mActiveRecord::SchemaMigration Pluck (0.6ms)[0m  [1m[34mSELECT "schema_migrations"."version" FROM "schema_migrations" ORDER BY "schema_migrations"."version" ASC[0m
  
ActionController::RoutingError (No route matches [GET] "/user"):
  
Started GET "/users" for ::1 at 2022-12-14 16:14:56 -0500
Processing by UsersController#index as HTML
  [1m[36mUser Load (1.7ms)[0m  [1m[34mSELECT "users".* FROM "users"[0m
  ↳ app/controllers/users_controller.rb:6:in `index'
Completed 200 OK in 23ms (Views: 11.4ms | ActiveRecord: 9.5ms | Allocations: 6295)


Started POST "/user?users[name]=Luis&users[email]=luis@gmail.com" for ::1 at 2022-12-14 16:20:40 -0500
  
ActionController::RoutingError (No route matches [POST] "/user"):
  
Started POST "/user?user[name]=Luis&user[email]=luis@gmail.com" for ::1 at 2022-12-14 16:21:04 -0500
  
ActionController::RoutingError (No route matches [POST] "/user"):
  
Started POST "/user?users[:name]=Luis&users[:email]=luis@gmail.com" for ::1 at 2022-12-14 16:22:00 -0500
  
ActionController::RoutingError (No route matches [POST] "/user"):
  
Started GET "/user?users[:name]=Luis&users[:email]=luis@gmail.com" for ::1 at 2022-12-14 16:22:21 -0500
  
ActionController::RoutingError (No route matches [GET] "/user"):
  
Started POST "/user?users[:name]=%22Luis%22&users[:email]=%22luis@gmail.com%22" for ::1 at 2022-12-14 16:22:52 -0500
  
ActionController::RoutingError (No route matches [POST] "/user"):
  
Started GET "/user?users[:name]=%22Luis%22&users[:email]=%22luis@gmail.com%22" for ::1 at 2022-12-14 16:22:59 -0500
  
ActionController::RoutingError (No route matches [GET] "/user"):
  
Started POST "/users?users[name]=Luis&users[email]=luis@gmail.com" for ::1 at 2022-12-14 16:25:27 -0500
Processing by UsersController#create as */*
  Parameters: {"users"=>{"name"=>"Luis", "email"=>"luis@gmail.com"}}
Completed 400 Bad Request in 7ms (Allocations: 1280)



ActionController::ParameterMissing - param is missing or the value is empty: user
Did you mean?  users:
  app/controllers/users_controller.rb:11:in `create'

Started POST "/users?users[name]=Luis&users[email]=luis@gmail.com" for ::1 at 2022-12-14 16:25:57 -0500
Processing by UsersController#create as */*
  Parameters: {"users"=>{"name"=>"Luis", "email"=>"luis@gmail.com"}}
  [1m[36mTRANSACTION (0.1ms)[0m  [1m[35mBEGIN[0m
  ↳ app/controllers/users_controller.rb:12:in `create'
  [1m[36mUser Create (2.5ms)[0m  [1m[32mINSERT INTO "users" ("name", "email", "created_at", "updated_at") VALUES ($1, $2, $3, $4) RETURNING "id"[0m  [["name", "Luis"], ["email", "luis@gmail.com"], ["created_at", "2022-12-14 21:25:57.335391"], ["updated_at", "2022-12-14 21:25:57.335391"]]
  ↳ app/controllers/users_controller.rb:12:in `create'
  [1m[36mTRANSACTION (1.2ms)[0m  [1m[35mCOMMIT[0m
  ↳ app/controllers/users_controller.rb:12:in `create'
Completed 200 OK in 28ms (Views: 0.2ms | ActiveRecord: 12.3ms | Allocations: 8582)


Started POST "/users?users[name]=Luis&=" for ::1 at 2022-12-14 16:27:09 -0500
Processing by UsersController#create as */*
  Parameters: {"users"=>{"name"=>"Luis"}}
Completed 422 Unprocessable Entity in 13ms (ActiveRecord: 0.0ms | Allocations: 3215)



ActiveRecord::RecordInvalid - Validation failed: Email can't be blank:
  app/controllers/users_controller.rb:12:in `create'

Started POST "/users?users[name]=Luis&=" for ::1 at 2022-12-14 16:29:29 -0500
Processing by UsersController#create as */*
  Parameters: {"users"=>{"name"=>"Luis"}}
Completed 500 Internal Server Error in 15ms (ActiveRecord: 9.1ms | Allocations: 6205)



NameError - undefined local variable or method `users' for #<UsersController:0x000000000074b8>
                render json: users.errors.full_messages, status: :unprocessable_entity
                             ^^^^^
Did you mean?  user:
  app/controllers/users_controller.rb:15:in `create'

Started POST "/users?users[name]=Luis&=" for ::1 at 2022-12-14 16:29:39 -0500
Processing by UsersController#create as */*
  Parameters: {"users"=>{"name"=>"Luis"}}
Completed 422 Unprocessable Entity in 6ms (Views: 0.1ms | ActiveRecord: 3.4ms | Allocations: 3628)


Started GET "/users?Users.all=&=" for ::1 at 2022-12-14 16:38:48 -0500
Processing by UsersController#index as */*
  Parameters: {"Users.all"=>""}
  [1m[36mUser Load (1.6ms)[0m  [1m[34mSELECT "users".* FROM "users"[0m
  ↳ app/controllers/users_controller.rb:6:in `index'
Completed 200 OK in 23ms (Views: 21.8ms | ActiveRecord: 10.1ms | Allocations: 6180)


Started GET "/users?Users.all=&=" for ::1 at 2022-12-14 16:39:05 -0500
Processing by UsersController#index as HTML
  Parameters: {"Users.all"=>""}
  [1m[36mUser Load (1.9ms)[0m  [1m[34mSELECT "users".* FROM "users"[0m
  ↳ app/controllers/users_controller.rb:6:in `index'
Completed 200 OK in 7ms (Views: 4.5ms | ActiveRecord: 1.9ms | Allocations: 1055)


Started GET "/users?User=&=" for ::1 at 2022-12-14 16:39:20 -0500
Processing by UsersController#index as */*
  Parameters: {"User"=>""}
  [1m[36mUser Load (3.5ms)[0m  [1m[34mSELECT "users".* FROM "users"[0m
  ↳ app/controllers/users_controller.rb:6:in `index'
Completed 200 OK in 8ms (Views: 4.3ms | ActiveRecord: 3.5ms | Allocations: 1051)


Started GET "/users?user=&=" for ::1 at 2022-12-14 16:39:26 -0500
Processing by UsersController#index as */*
  Parameters: {"user"=>""}
  [1m[36mUser Load (0.3ms)[0m  [1m[34mSELECT "users".* FROM "users"[0m
  ↳ app/controllers/users_controller.rb:6:in `index'
Completed 200 OK in 3ms (Views: 2.3ms | ActiveRecord: 0.3ms | Allocations: 1051)


Started GET "/users?users/:id=[1]&=" for ::1 at 2022-12-14 16:40:34 -0500
Processing by UsersController#index as */*
  Parameters: {"users/:id"=>"[1]"}
  [1m[36mUser Load (0.3ms)[0m  [1m[34mSELECT "users".* FROM "users"[0m
  ↳ app/controllers/users_controller.rb:6:in `index'
Completed 200 OK in 2ms (Views: 1.7ms | ActiveRecord: 0.3ms | Allocations: 1052)


Started GET "/users?users/:id=1&=" for ::1 at 2022-12-14 16:40:41 -0500
Processing by UsersController#index as */*
  Parameters: {"users/:id"=>"1"}
  [1m[36mUser Load (0.8ms)[0m  [1m[34mSELECT "users".* FROM "users"[0m
  ↳ app/controllers/users_controller.rb:6:in `index'
Completed 200 OK in 5ms (Views: 3.0ms | ActiveRecord: 0.8ms | Allocations: 1051)


Started GET "/users?users/:id[1]=&=" for ::1 at 2022-12-14 16:40:47 -0500
Processing by UsersController#index as */*
  Parameters: {"users/:id"=>{"1"=>""}}
  [1m[36mUser Load (1.2ms)[0m  [1m[34mSELECT "users".* FROM "users"[0m
  ↳ app/controllers/users_controller.rb:6:in `index'
Completed 200 OK in 6ms (Views: 3.7ms | ActiveRecord: 1.2ms | Allocations: 1051)


Started GET "/users?user/:id[1]=&=" for ::1 at 2022-12-14 16:41:20 -0500
Processing by UsersController#index as */*
  Parameters: {"user/:id"=>{"1"=>""}}
  [1m[36mUser Load (0.8ms)[0m  [1m[34mSELECT "users".* FROM "users"[0m
  ↳ app/controllers/users_controller.rb:6:in `index'
Completed 200 OK in 6ms (Views: 5.4ms | ActiveRecord: 0.8ms | Allocations: 1059)


Started GET "/users?/:id[1]=&=" for ::1 at 2022-12-14 16:41:47 -0500
Processing by UsersController#index as */*
  Parameters: {"/:id"=>{"1"=>""}}
  [1m[36mUser Load (0.6ms)[0m  [1m[34mSELECT "users".* FROM "users"[0m
  ↳ app/controllers/users_controller.rb:6:in `index'
Completed 200 OK in 7ms (Views: 5.6ms | ActiveRecord: 0.6ms | Allocations: 1051)


Started GET "/users?:id[1]=&=" for ::1 at 2022-12-14 16:41:55 -0500
Processing by UsersController#index as */*
  Parameters: {":id"=>{"1"=>""}}
  [1m[36mUser Load (0.3ms)[0m  [1m[34mSELECT "users".* FROM "users"[0m
  ↳ app/controllers/users_controller.rb:6:in `index'
Completed 200 OK in 4ms (Views: 3.1ms | ActiveRecord: 0.3ms | Allocations: 1051)


Started GET "/users?:id=1&=" for ::1 at 2022-12-14 16:42:00 -0500
Processing by UsersController#index as */*
  Parameters: {":id"=>"1"}
  [1m[36mUser Load (0.3ms)[0m  [1m[34mSELECT "users".* FROM "users"[0m
  ↳ app/controllers/users_controller.rb:6:in `index'
Completed 200 OK in 2ms (Views: 2.0ms | ActiveRecord: 0.3ms | Allocations: 1051)


Started GET "/users?:id=1&=" for ::1 at 2022-12-14 16:42:28 -0500
  [1m[36mActiveRecord::SchemaMigration Pluck (0.7ms)[0m  [1m[34mSELECT "schema_migrations"."version" FROM "schema_migrations" ORDER BY "schema_migrations"."version" ASC[0m
Processing by UsersController#index as */*
  Parameters: {":id"=>"1"}
  [1m[36mUser Load (1.8ms)[0m  [1m[34mSELECT "users".* FROM "users"[0m
  ↳ app/controllers/users_controller.rb:6:in `index'
Completed 200 OK in 13ms (Views: 4.4ms | ActiveRecord: 7.2ms | Allocations: 6389)


Started GET "/users?user/:id=1&=" for ::1 at 2022-12-14 16:43:07 -0500
Processing by UsersController#index as */*
  Parameters: {"user/:id"=>"1"}
  [1m[36mUser Load (1.0ms)[0m  [1m[34mSELECT "users".* FROM "users"[0m
  ↳ app/controllers/users_controller.rb:6:in `index'
Completed 200 OK in 5ms (Views: 3.9ms | ActiveRecord: 1.0ms | Allocations: 1154)


Started PATCH "/users?users[id]=1&=" for ::1 at 2022-12-14 16:44:14 -0500
  
ActionController::RoutingError (No route matches [PATCH] "/users"):
  
Started PATCH "/users?users[:id]=1&=" for ::1 at 2022-12-14 16:44:35 -0500
  
ActionController::RoutingError (No route matches [PATCH] "/users"):
  
Started GET "/users?users[:id]=1&=" for ::1 at 2022-12-14 16:44:42 -0500
Processing by UsersController#index as HTML
  Parameters: {"users"=>{":id"=>"1"}}
  [1m[36mUser Load (0.8ms)[0m  [1m[34mSELECT "users".* FROM "users"[0m
  ↳ app/controllers/users_controller.rb:6:in `index'
Completed 200 OK in 8ms (Views: 6.3ms | ActiveRecord: 0.8ms | Allocations: 1209)


